<?xml version="1.0" encoding="UTF-8"?>
<testsuite name="br.com.soos.exemplogradledefinitivo.ExemploGradleDefinitivoApplicationTests" tests="1" skipped="0" failures="0" errors="0" timestamp="2021-07-17T17:28:33" hostname="ARAUJOS-DESKTOP" time="0.534">
  <properties/>
  <testcase name="contextLoads()" classname="br.com.soos.exemplogradledefinitivo.ExemploGradleDefinitivoApplicationTests" time="0.534"/>
  <system-out><![CDATA[14:28:29.915 [Test worker] DEBUG org.springframework.test.context.BootstrapUtils - Instantiating CacheAwareContextLoaderDelegate from class [org.springframework.test.context.cache.DefaultCacheAwareContextLoaderDelegate]
14:28:29.932 [Test worker] DEBUG org.springframework.test.context.BootstrapUtils - Instantiating BootstrapContext using constructor [public org.springframework.test.context.support.DefaultBootstrapContext(java.lang.Class,org.springframework.test.context.CacheAwareContextLoaderDelegate)]
14:28:29.975 [Test worker] DEBUG org.springframework.test.context.BootstrapUtils - Instantiating TestContextBootstrapper for test class [br.com.soos.exemplogradledefinitivo.ExemploGradleDefinitivoApplicationTests] from class [org.springframework.boot.test.context.SpringBootTestContextBootstrapper]
14:28:29.989 [Test worker] INFO org.springframework.boot.test.context.SpringBootTestContextBootstrapper - Neither @ContextConfiguration nor @ContextHierarchy found for test class [br.com.soos.exemplogradledefinitivo.ExemploGradleDefinitivoApplicationTests], using SpringBootContextLoader
14:28:29.995 [Test worker] DEBUG org.springframework.test.context.support.AbstractContextLoader - Did not detect default resource location for test class [br.com.soos.exemplogradledefinitivo.ExemploGradleDefinitivoApplicationTests]: class path resource [br/com/soos/exemplogradledefinitivo/ExemploGradleDefinitivoApplicationTests-context.xml] does not exist
14:28:29.996 [Test worker] DEBUG org.springframework.test.context.support.AbstractContextLoader - Did not detect default resource location for test class [br.com.soos.exemplogradledefinitivo.ExemploGradleDefinitivoApplicationTests]: class path resource [br/com/soos/exemplogradledefinitivo/ExemploGradleDefinitivoApplicationTestsContext.groovy] does not exist
14:28:29.997 [Test worker] INFO org.springframework.test.context.support.AbstractContextLoader - Could not detect default resource locations for test class [br.com.soos.exemplogradledefinitivo.ExemploGradleDefinitivoApplicationTests]: no resource found for suffixes {-context.xml, Context.groovy}.
14:28:29.998 [Test worker] INFO org.springframework.test.context.support.AnnotationConfigContextLoaderUtils - Could not detect default configuration classes for test class [br.com.soos.exemplogradledefinitivo.ExemploGradleDefinitivoApplicationTests]: ExemploGradleDefinitivoApplicationTests does not declare any static, non-private, non-final, nested classes annotated with @Configuration.
14:28:30.050 [Test worker] DEBUG org.springframework.test.context.support.ActiveProfilesUtils - Could not find an 'annotation declaring class' for annotation type [org.springframework.test.context.ActiveProfiles] and class [br.com.soos.exemplogradledefinitivo.ExemploGradleDefinitivoApplicationTests]
14:28:30.131 [Test worker] DEBUG org.springframework.context.annotation.ClassPathScanningCandidateComponentProvider - Identified candidate component class: file [D:\java\exemplos-definitivos\exemplo-gradle-definitivo\build\classes\java\main\br\com\soos\exemplogradledefinitivo\ExemploGradleDefinitivoApplication.class]
14:28:30.133 [Test worker] INFO org.springframework.boot.test.context.SpringBootTestContextBootstrapper - Found @SpringBootConfiguration br.com.soos.exemplogradledefinitivo.ExemploGradleDefinitivoApplication for test class br.com.soos.exemplogradledefinitivo.ExemploGradleDefinitivoApplicationTests
14:28:30.284 [Test worker] DEBUG org.springframework.boot.test.context.SpringBootTestContextBootstrapper - @TestExecutionListeners is not present for class [br.com.soos.exemplogradledefinitivo.ExemploGradleDefinitivoApplicationTests]: using defaults.
14:28:30.285 [Test worker] INFO org.springframework.boot.test.context.SpringBootTestContextBootstrapper - Loaded default TestExecutionListener class names from location [META-INF/spring.factories]: [org.springframework.boot.test.autoconfigure.restdocs.RestDocsTestExecutionListener, org.springframework.boot.test.autoconfigure.web.client.MockRestServiceServerResetTestExecutionListener, org.springframework.boot.test.autoconfigure.web.servlet.MockMvcPrintOnlyOnFailureTestExecutionListener, org.springframework.boot.test.autoconfigure.web.servlet.WebDriverTestExecutionListener, org.springframework.boot.test.autoconfigure.webservices.client.MockWebServiceServerTestExecutionListener, org.springframework.boot.test.mock.mockito.MockitoTestExecutionListener, org.springframework.boot.test.mock.mockito.ResetMocksTestExecutionListener, org.springframework.test.context.web.ServletTestExecutionListener, org.springframework.test.context.support.DirtiesContextBeforeModesTestExecutionListener, org.springframework.test.context.event.ApplicationEventsTestExecutionListener, org.springframework.test.context.support.DependencyInjectionTestExecutionListener, org.springframework.test.context.support.DirtiesContextTestExecutionListener, org.springframework.test.context.transaction.TransactionalTestExecutionListener, org.springframework.test.context.jdbc.SqlScriptsTestExecutionListener, org.springframework.test.context.event.EventPublishingTestExecutionListener]
14:28:30.299 [Test worker] DEBUG org.springframework.boot.test.context.SpringBootTestContextBootstrapper - Skipping candidate TestExecutionListener [org.springframework.test.context.transaction.TransactionalTestExecutionListener] due to a missing dependency. Specify custom listener classes or make the default listener classes and their required dependencies available. Offending class: [org/springframework/transaction/interceptor/TransactionAttributeSource]
14:28:30.299 [Test worker] DEBUG org.springframework.boot.test.context.SpringBootTestContextBootstrapper - Skipping candidate TestExecutionListener [org.springframework.test.context.jdbc.SqlScriptsTestExecutionListener] due to a missing dependency. Specify custom listener classes or make the default listener classes and their required dependencies available. Offending class: [org/springframework/transaction/interceptor/TransactionAttribute]
14:28:30.300 [Test worker] INFO org.springframework.boot.test.context.SpringBootTestContextBootstrapper - Using TestExecutionListeners: [org.springframework.test.context.web.ServletTestExecutionListener@6c527d8b, org.springframework.test.context.support.DirtiesContextBeforeModesTestExecutionListener@1df8bf8f, org.springframework.test.context.event.ApplicationEventsTestExecutionListener@5184808e, org.springframework.boot.test.mock.mockito.MockitoTestExecutionListener@3a433b42, org.springframework.boot.test.autoconfigure.SpringBootDependencyInjectionTestExecutionListener@4582b7a4, org.springframework.test.context.support.DirtiesContextTestExecutionListener@1dde6c5c, org.springframework.test.context.event.EventPublishingTestExecutionListener@68ab0f99, org.springframework.boot.test.autoconfigure.restdocs.RestDocsTestExecutionListener@4b91b0e5, org.springframework.boot.test.autoconfigure.web.client.MockRestServiceServerResetTestExecutionListener@1b7e01a4, org.springframework.boot.test.autoconfigure.web.servlet.MockMvcPrintOnlyOnFailureTestExecutionListener@75ac321b, org.springframework.boot.test.autoconfigure.web.servlet.WebDriverTestExecutionListener@454b2cf0, org.springframework.boot.test.autoconfigure.webservices.client.MockWebServiceServerTestExecutionListener@31baa24, org.springframework.boot.test.mock.mockito.ResetMocksTestExecutionListener@6883f8c2]
14:28:30.305 [Test worker] DEBUG org.springframework.test.context.support.AbstractDirtiesContextTestExecutionListener - Before test class: context [DefaultTestContext@30f6de1a testClass = ExemploGradleDefinitivoApplicationTests, testInstance = [null], testMethod = [null], testException = [null], mergedContextConfiguration = [WebMergedContextConfiguration@53003531 testClass = ExemploGradleDefinitivoApplicationTests, locations = '{}', classes = '{class br.com.soos.exemplogradledefinitivo.ExemploGradleDefinitivoApplication}', contextInitializerClasses = '[]', activeProfiles = '{}', propertySourceLocations = '{}', propertySourceProperties = '{org.springframework.boot.test.context.SpringBootTestContextBootstrapper=true}', contextCustomizers = set[org.springframework.boot.test.autoconfigure.actuate.metrics.MetricsExportContextCustomizerFactory$DisableMetricExportContextCustomizer@5471c990, org.springframework.boot.test.autoconfigure.properties.PropertyMappingContextCustomizer@0, org.springframework.boot.test.autoconfigure.web.servlet.WebDriverContextCustomizerFactory$Customizer@450c389f, org.springframework.boot.test.context.filter.ExcludeFilterContextCustomizer@3ca18562, org.springframework.boot.test.json.DuplicateJsonObjectContextCustomizerFactory$DuplicateJsonObjectContextCustomizer@1005d1de, org.springframework.boot.test.mock.mockito.MockitoContextCustomizer@0, org.springframework.boot.test.web.client.TestRestTemplateContextCustomizer@28fb35a0, org.springframework.boot.test.context.SpringBootTestArgs@1, org.springframework.boot.test.context.SpringBootTestWebEnvironment@3ebc8eab], resourceBasePath = 'src/main/webapp', contextLoader = 'org.springframework.boot.test.context.SpringBootContextLoader', parent = [null]], attributes = map['org.springframework.test.context.web.ServletTestExecutionListener.activateListener' -> true]], class annotated with @DirtiesContext [false] with mode [null].
14:28:30.351 [Test worker] DEBUG org.springframework.test.context.support.TestPropertySourceUtils - Adding inlined properties to environment: {spring.jmx.enabled=false, org.springframework.boot.test.context.SpringBootTestContextBootstrapper=true}

  .   ____          _            __ _ _
 /\\ / ___'_ __ _ _(_)_ __  __ _ \ \ \ \
( ( )\___ | '_ | '_| | '_ \/ _` | \ \ \ \
 \\/  ___)| |_)| | | | | || (_| |  ) ) ) )
  '  |____| .__|_| |_|_| |_\__, | / / / /
 =========|_|==============|___/=/_/_/_/
 :: Spring Boot ::                (v2.5.2)

2021-07-17 14:28:30.798  INFO 7536 --- [    Test worker] .ExemploGradleDefinitivoApplicationTests : Starting ExemploGradleDefinitivoApplicationTests using Java 16.0.1 on Araujos-Desktop with PID 7536 (started by PC in D:\java\exemplos-definitivos\exemplo-gradle-definitivo)
2021-07-17 14:28:30.801  INFO 7536 --- [    Test worker] .ExemploGradleDefinitivoApplicationTests : No active profile set, falling back to default profiles: default
2021-07-17 14:28:33.371  INFO 7536 --- [    Test worker] .ExemploGradleDefinitivoApplicationTests : Started ExemploGradleDefinitivoApplicationTests in 3.008 seconds (JVM running for 4.53)
]]></system-out>
  <system-err><![CDATA[]]></system-err>
</testsuite>
